{"synthetic": false,
 "schemaVersion": "2025-09-10",
 "outputs":
 {"o": ["653c68116329ab56.olean"],
  "i": "9df11ccb7e0f2380.ilean",
  "c": "223f720f9ec6e74d.c"},
 "log":
 [{"message":
   ".> LEAN_PATH=C:\\Windows\\System32\\math_research\\CMF\\lean\\cmf-aristotle\\path-product_aristotle\\.lake\\packages\\Cli\\.lake\\build\\lib\\lean;C:\\Windows\\System32\\math_research\\CMF\\lean\\cmf-aristotle\\path-product_aristotle\\.lake\\packages\\batteries\\.lake\\build\\lib\\lean;C:\\Windows\\System32\\math_research\\CMF\\lean\\cmf-aristotle\\path-product_aristotle\\.lake\\packages\\Qq\\.lake\\build\\lib\\lean;C:\\Windows\\System32\\math_research\\CMF\\lean\\cmf-aristotle\\path-product_aristotle\\.lake\\packages\\aesop\\.lake\\build\\lib\\lean;C:\\Windows\\System32\\math_research\\CMF\\lean\\cmf-aristotle\\path-product_aristotle\\.lake\\packages\\proofwidgets\\.lake\\build\\lib\\lean;C:\\Windows\\System32\\math_research\\CMF\\lean\\cmf-aristotle\\path-product_aristotle\\.lake\\packages\\importGraph\\.lake\\build\\lib\\lean;C:\\Windows\\System32\\math_research\\CMF\\lean\\cmf-aristotle\\path-product_aristotle\\.lake\\packages\\LeanSearchClient\\.lake\\build\\lib\\lean;C:\\Windows\\System32\\math_research\\CMF\\lean\\cmf-aristotle\\path-product_aristotle\\.lake\\packages\\plausible\\.lake\\build\\lib\\lean;C:\\Windows\\System32\\math_research\\CMF\\lean\\cmf-aristotle\\path-product_aristotle\\.lake\\packages\\mathlib\\.lake\\build\\lib\\lean;C:\\Windows\\System32\\math_research\\CMF\\lean\\cmf-aristotle\\path-product_aristotle\\.lake\\build\\lib\\lean c:\\Users\\louis\\.elan\\toolchains\\leanprover--lean4---v4.28.0\\bin\\lean.exe C:\\Windows\\System32\\math_research\\CMF\\lean\\cmf-aristotle\\path-product_aristotle\\RequestProject\\PathIndep.lean -o C:\\Windows\\System32\\math_research\\CMF\\lean\\cmf-aristotle\\path-product_aristotle\\.lake\\build\\lib\\lean\\RequestProject\\PathIndep.olean -i C:\\Windows\\System32\\math_research\\CMF\\lean\\cmf-aristotle\\path-product_aristotle\\.lake\\build\\lib\\lean\\RequestProject\\PathIndep.ilean -c C:\\Windows\\System32\\math_research\\CMF\\lean\\cmf-aristotle\\path-product_aristotle\\.lake\\build\\ir\\RequestProject\\PathIndep.c --setup C:\\Windows\\System32\\math_research\\CMF\\lean\\cmf-aristotle\\path-product_aristotle\\.lake\\build\\ir\\RequestProject\\PathIndep.setup.json --json",
   "level": "trace"}],
 "inputs":
 [["RequestProject.PathIndep:deps",
   [["deps",
     [["RequestProject/RequestProject:extraDep",
       [["@RequestProject:extraDep", "00000000000006bb"]]],
      ["imports",
       [["RequestProject.CMF transitive imports (legacy)", "12c1ba7185138d42"],
        ["RequestProject.CMF:importAllArts", "e0041c2dd8cfd655"],
        ["RequestProject.PathProducts transitive imports (legacy)",
         "3724165b2e53d6ef"],
        ["RequestProject.PathProducts:importAllArts", "e07acf5d6cbc6d17"]]]]],
    ["libs",
     [["import dynlibs", "00000000000006bb"],
      ["package external libraries", "00000000000006bb"],
      ["module dynlibs", "00000000000006bb"],
      ["module plugins", "00000000000006bb"]]]]],
  ["Lean 4.28.0, commit 7e01a1bf5c70fc6167d49c345d3bf80596e9a79b",
   "a96bc04a2e5e9630"],
  ["C:\\Windows\\System32\\math_research\\CMF\\lean\\cmf-aristotle\\path-product_aristotle\\RequestProject\\PathIndep.lean",
   "0ed1d2dc9a17d458"],
  ["options", "00000000000006bb"],
  ["Module.leanArgs: #[]", "00000000000006bb"]],
 "depHash": "2ba1426c6a573467"}