{"synthetic": false,
 "schemaVersion": "2025-09-10",
 "outputs":
 {"o": ["3acb6b16c63f31e6.olean"],
  "i": "1ecc543971b4c582.ilean",
  "c": "44097a103e040dfb.c"},
 "log":
 [{"message":
   ".> LEAN_PATH=C:\\Windows\\System32\\math_research\\CMF\\lean\\cmf-aristotle\\path-product_aristotle\\.lake\\packages\\Cli\\.lake\\build\\lib\\lean;C:\\Windows\\System32\\math_research\\CMF\\lean\\cmf-aristotle\\path-product_aristotle\\.lake\\packages\\batteries\\.lake\\build\\lib\\lean;C:\\Windows\\System32\\math_research\\CMF\\lean\\cmf-aristotle\\path-product_aristotle\\.lake\\packages\\Qq\\.lake\\build\\lib\\lean;C:\\Windows\\System32\\math_research\\CMF\\lean\\cmf-aristotle\\path-product_aristotle\\.lake\\packages\\aesop\\.lake\\build\\lib\\lean;C:\\Windows\\System32\\math_research\\CMF\\lean\\cmf-aristotle\\path-product_aristotle\\.lake\\packages\\proofwidgets\\.lake\\build\\lib\\lean;C:\\Windows\\System32\\math_research\\CMF\\lean\\cmf-aristotle\\path-product_aristotle\\.lake\\packages\\importGraph\\.lake\\build\\lib\\lean;C:\\Windows\\System32\\math_research\\CMF\\lean\\cmf-aristotle\\path-product_aristotle\\.lake\\packages\\LeanSearchClient\\.lake\\build\\lib\\lean;C:\\Windows\\System32\\math_research\\CMF\\lean\\cmf-aristotle\\path-product_aristotle\\.lake\\packages\\plausible\\.lake\\build\\lib\\lean;C:\\Windows\\System32\\math_research\\CMF\\lean\\cmf-aristotle\\path-product_aristotle\\.lake\\packages\\mathlib\\.lake\\build\\lib\\lean;C:\\Windows\\System32\\math_research\\CMF\\lean\\cmf-aristotle\\path-product_aristotle\\.lake\\build\\lib\\lean c:\\Users\\louis\\.elan\\toolchains\\leanprover--lean4---v4.28.0\\bin\\lean.exe C:\\Windows\\System32\\math_research\\CMF\\lean\\cmf-aristotle\\path-product_aristotle\\RequestProject\\PolyCMF.lean -o C:\\Windows\\System32\\math_research\\CMF\\lean\\cmf-aristotle\\path-product_aristotle\\.lake\\build\\lib\\lean\\RequestProject\\PolyCMF.olean -i C:\\Windows\\System32\\math_research\\CMF\\lean\\cmf-aristotle\\path-product_aristotle\\.lake\\build\\lib\\lean\\RequestProject\\PolyCMF.ilean -c C:\\Windows\\System32\\math_research\\CMF\\lean\\cmf-aristotle\\path-product_aristotle\\.lake\\build\\ir\\RequestProject\\PolyCMF.c --setup C:\\Windows\\System32\\math_research\\CMF\\lean\\cmf-aristotle\\path-product_aristotle\\.lake\\build\\ir\\RequestProject\\PolyCMF.setup.json --json",
   "level": "trace"}],
 "inputs":
 [["RequestProject.PolyCMF:deps",
   [["deps",
     [["RequestProject/RequestProject:extraDep",
       [["@RequestProject:extraDep", "00000000000006bb"]]],
      ["imports",
       [["Mathlib transitive imports (legacy)", "8fd896a9b3011bd6"],
        ["Mathlib:importAllArts", "8fc2a9ec06d95bdc"],
        ["RequestProject.CMF transitive imports (legacy)", "12c1ba7185138d42"],
        ["RequestProject.CMF:importAllArts", "e0041c2dd8cfd655"],
        ["RequestProject.PathProducts transitive imports (legacy)",
         "3724165b2e53d6ef"],
        ["RequestProject.PathProducts:importAllArts", "e07acf5d6cbc6d17"]]]]],
    ["libs",
     [["import dynlibs", "00000000000006bb"],
      ["package external libraries", "00000000000006bb"],
      ["module dynlibs", "00000000000006bb"],
      ["module plugins", "00000000000006bb"]]]]],
  ["Lean 4.28.0, commit 7e01a1bf5c70fc6167d49c345d3bf80596e9a79b",
   "a96bc04a2e5e9630"],
  ["C:\\Windows\\System32\\math_research\\CMF\\lean\\cmf-aristotle\\path-product_aristotle\\RequestProject\\PolyCMF.lean",
   "5e0a36cde6888a3b"],
  ["options", "00000000000006bb"],
  ["Module.leanArgs: #[]", "00000000000006bb"]],
 "depHash": "173c07b7d7fe665d"}